<?xml version="1.0" encoding="UTF-8"?>
<!-- Generated by org.testng.reporters.JUnitXMLReporter -->
<testsuite hostname="DESKTOP-IGGMB0E" ignored="0" name="Command line test" tests="5" failures="0" timestamp="24 May 2019 01:36:35 GMT" time="0.104" errors="0">
  <testcase name="IOSApps" time="0.015" classname="qaclickacademy.AppiumTest"/>
  <testcase name="NativeAppAndroid" time="0.0" classname="qaclickacademy.AppiumTest"/>
  <testcase name="postJira" time="0.0" classname="qaclickacademy.RESTAPITest"/>
  <testcase name="BrowserAutomation" time="0.004" classname="qaclickacademy.SeleniumTest"/>
  <testcase name="elementsUi" time="0.002" classname="qaclickacademy.SeleniumTest"/>
</testsuite> <!-- Command line test -->
